<?xml version="1.0" encoding="UTF-8"?>
<testng-results ignored="0" total="2" passed="2" failed="0" skipped="0">
  <reporter-output>
  </reporter-output>
  <suite started-at="2025-08-11T15:06:29 IST" name="Suite" finished-at="2025-08-11T15:07:13 IST" duration-ms="43588">
    <groups>
    </groups>
    <test started-at="2025-08-11T15:06:29 IST" name="Test" finished-at="2025-08-11T15:07:13 IST" duration-ms="43588">
      <class name="testCases.TC_001LoginTest">
        <test-method is-config="true" signature="setUp(java.lang.String)[pri:0, instance:testCases.TC_001LoginTest@7a1a14a4]" started-at="2025-08-11T15:06:30 IST" name="setUp" finished-at="2025-08-11T15:06:37 IST" duration-ms="7441" status="PASS">
          <params>
            <param index="0">
              <value>
                <![CDATA[chrome]]>
              </value>
            </param>
          </params>
          <reporter-output>
          </reporter-output>
        </test-method> <!-- setUp -->
        <test-method signature="OHRM_loginpage()[pri:0, instance:testCases.TC_001LoginTest@7a1a14a4]" started-at="2025-08-11T15:06:37 IST" name="OHRM_loginpage" finished-at="2025-08-11T15:06:46 IST" duration-ms="8994" status="PASS">
          <reporter-output>
          </reporter-output>
        </test-method> <!-- OHRM_loginpage -->
        <test-method is-config="true" signature="tearDown()[pri:0, instance:testCases.TC_001LoginTest@7a1a14a4]" started-at="2025-08-11T15:06:46 IST" name="tearDown" finished-at="2025-08-11T15:06:47 IST" duration-ms="582" status="PASS">
          <reporter-output>
          </reporter-output>
        </test-method> <!-- tearDown -->
      </class> <!-- testCases.TC_001LoginTest -->
      <class name="testCases.TC_002PimTest">
        <test-method is-config="true" signature="setUp(java.lang.String)[pri:0, instance:testCases.TC_002PimTest@5d066c7d]" started-at="2025-08-11T15:06:47 IST" name="setUp" finished-at="2025-08-11T15:06:51 IST" duration-ms="4560" status="PASS">
          <params>
            <param index="0">
              <value>
                <![CDATA[chrome]]>
              </value>
            </param>
          </params>
          <reporter-output>
          </reporter-output>
        </test-method> <!-- setUp -->
        <test-method signature="PIMTest()[pri:0, instance:testCases.TC_002PimTest@5d066c7d]" started-at="2025-08-11T15:06:51 IST" name="PIMTest" finished-at="2025-08-11T15:07:12 IST" duration-ms="21069" status="PASS">
          <reporter-output>
          </reporter-output>
        </test-method> <!-- PIMTest -->
        <test-method is-config="true" signature="tearDown()[pri:0, instance:testCases.TC_002PimTest@5d066c7d]" started-at="2025-08-11T15:07:12 IST" name="tearDown" finished-at="2025-08-11T15:07:13 IST" duration-ms="438" status="PASS">
          <reporter-output>
          </reporter-output>
        </test-method> <!-- tearDown -->
      </class> <!-- testCases.TC_002PimTest -->
    </test> <!-- Test -->
  </suite> <!-- Suite -->
</testng-results>
