<?xml version="1.0" encoding="UTF-8"?>
<testsuite xmlns:xsi="http://www.w3.org/2001/XMLSchema-instance" xsi:noNamespaceSchemaLocation="https://maven.apache.org/surefire/maven-surefire-plugin/xsd/surefire-test-report-3.0.xsd" version="3.0" name="TestSuite" time="16.95" tests="1" errors="0" skipped="0" failures="0">
  <properties>
[...]
</properties>
  <testcase name="OHRM_loginpage" classname="testCases.TC_001LoginTest" time="10.244">
    <system-err><![CDATA[2025-07-19T08:28:11.126035400Z main INFO Starting configuration XmlConfiguration[location=C:\Users\Administrator\Desktop\eclipse-workspace\pageObjectModel\target\test-classes\log4j2.xml, lastModified=2025-07-19T06:53:58.588Z]...
2025-07-19T08:28:11.128037900Z main INFO Configuration XmlConfiguration[location=C:\Users\Administrator\Desktop\eclipse-workspace\pageObjectModel\target\test-classes\log4j2.xml, lastModified=2025-07-19T06:53:58.588Z] started.
2025-07-19T08:28:11.131037600Z main INFO Stopping configuration org.apache.logging.log4j.core.config.DefaultConfiguration@a9cd3b1...
2025-07-19T08:28:11.132038200Z main INFO Configuration org.apache.logging.log4j.core.config.DefaultConfiguration@a9cd3b1 stopped.
Jul 19, 2025 1:58:13 PM org.openqa.selenium.devtools.CdpVersionFinder findNearestMatch
WARNING: Unable to find an exact match for CDP version 138, returning the closest version; found: 137; Please update to a Selenium version that supports CDP version 138
]]></system-err>
  </testcase>
</testsuite>