<?xml version="1.0" encoding="UTF-8"?>
<testng-results ignored="0" total="1" passed="1" failed="0" skipped="0">
  <reporter-output>
  </reporter-output>
  <suite started-at="2025-07-19T13:58:11 IST" name="Suite" finished-at="2025-07-19T13:58:27 IST" duration-ms="15681">
    <groups>
    </groups>
    <test started-at="2025-07-19T13:58:11 IST" name="Test" finished-at="2025-07-19T13:58:27 IST" duration-ms="15681">
      <class name="testCases.TC_001LoginTest">
        <test-method is-config="true" signature="setUp(java.lang.String)[pri:0, instance:testCases.TC_001LoginTest@64bce832]" started-at="2025-07-19T13:58:11 IST" name="setUp" finished-at="2025-07-19T13:58:16 IST" duration-ms="5101" status="PASS">
          <params>
            <param index="0">
              <value>
                <![CDATA[chrome]]>
              </value>
            </param>
          </params>
          <reporter-output>
          </reporter-output>
        </test-method> <!-- setUp -->
        <test-method signature="OHRM_loginpage()[pri:0, instance:testCases.TC_001LoginTest@64bce832]" started-at="2025-07-19T13:58:16 IST" name="OHRM_loginpage" finished-at="2025-07-19T13:58:26 IST" duration-ms="10241" status="PASS">
          <reporter-output>
          </reporter-output>
        </test-method> <!-- OHRM_loginpage -->
        <test-method is-config="true" signature="tearDown()[pri:0, instance:testCases.TC_001LoginTest@64bce832]" started-at="2025-07-19T13:58:26 IST" name="tearDown" finished-at="2025-07-19T13:58:27 IST" duration-ms="301" status="PASS">
          <reporter-output>
          </reporter-output>
        </test-method> <!-- tearDown -->
      </class> <!-- testCases.TC_001LoginTest -->
    </test> <!-- Test -->
  </suite> <!-- Suite -->
</testng-results>
