<?xml version="1.0" encoding="UTF-8"?>
<testng-results ignored="0" total="1" passed="1" failed="0" skipped="0">
  <reporter-output>
  </reporter-output>
  <suite started-at="2025-07-20T09:35:48 IST" name="Default suite" finished-at="2025-07-20T09:36:08 IST" duration-ms="19922">
    <groups>
    </groups>
    <test started-at="2025-07-20T09:35:48 IST" name="Default test" finished-at="2025-07-20T09:36:08 IST" duration-ms="19922">
      <class name="testCases.TC_001LoginTest">
        <test-method is-config="true" signature="setUp(java.lang.String)[pri:0, instance:testCases.TC_001LoginTest@4748a0f9]" started-at="2025-07-20T09:35:48 IST" name="setUp" finished-at="2025-07-20T09:35:55 IST" duration-ms="6960" status="PASS">
          <params>
            <param index="0">
              <value>
                <![CDATA[chrome]]>
              </value>
            </param>
          </params>
          <reporter-output>
          </reporter-output>
        </test-method> <!-- setUp -->
        <test-method signature="OHRM_loginpage()[pri:0, instance:testCases.TC_001LoginTest@4748a0f9]" started-at="2025-07-20T09:35:55 IST" name="OHRM_loginpage" finished-at="2025-07-20T09:36:07 IST" duration-ms="12551" status="PASS">
          <reporter-output>
          </reporter-output>
        </test-method> <!-- OHRM_loginpage -->
        <test-method is-config="true" signature="tearDown()[pri:0, instance:testCases.TC_001LoginTest@4748a0f9]" started-at="2025-07-20T09:36:07 IST" name="tearDown" finished-at="2025-07-20T09:36:08 IST" duration-ms="342" status="PASS">
          <reporter-output>
          </reporter-output>
        </test-method> <!-- tearDown -->
      </class> <!-- testCases.TC_001LoginTest -->
    </test> <!-- Default test -->
  </suite> <!-- Default suite -->
</testng-results>
